 
****************************************
Report : area
Design : SET
Version: T-2022.03
Date   : Tue Jul 25 18:58:06 2023
****************************************

Library(s) Used:

    slow (File: /usr/cad/lib/CBDK_IC_Contest_v2.1/SynopsysDC/db/slow.db)

Number of ports:                           51
Number of nets:                           688
Number of cells:                          581
Number of combinational cells:            527
Number of sequential cells:                54
Number of macros/black boxes:               0
Number of buf/inv:                         79
Number of references:                      85

Combinational area:               5083.713002
Buf/Inv area:                      412.468194
Noncombinational area:            1804.336159
Macro/Black Box area:                0.000000
Net Interconnect area:           73733.702087

Total cell area:                  6888.049160
Total area:                      80621.751248
1
